0 silly input [ 'debug' ]
1 silly flags { _: [ 'add' ],
1 silly flags   'reject-cycles': false,
1 silly flags   rejectCycles: false,
1 silly flags   dev: false,
1 silly flags   D: false,
1 silly flags   scope: 'rf-script',
1 silly flags   args: [ 'debug' ] }
2 verbose rootPath /Users/j.ie/react/rf-cli
3 info version 2.11.0
4 silly isInitialized
5 silly isInitialized true
6 silly existsSync /Users/j.ie/react/rf-cli/VERSION
7 info versioning independent
8 info scope rf-script
9 error EPACKAGES Errored while collecting packages and package graph
10 error Error: No packages found that match scope 'rf-script'
10 error     at Function.filterPackages (/Users/j.ie/.config/yarn/global/node_modules/lerna/lib/PackageUtilities.js:252:17)
10 error     at AddCommand.runPreparations (/Users/j.ie/.config/yarn/global/node_modules/lerna/lib/Command.js:333:60)
10 error     at /Users/j.ie/.config/yarn/global/node_modules/lerna/lib/Command.js:209:18
10 error     at new Promise (<anonymous>)
10 error     at AddCommand.run (/Users/j.ie/.config/yarn/global/node_modules/lerna/lib/Command.js:193:14)
10 error     at Object.handler (/Users/j.ie/.config/yarn/global/node_modules/lerna/lib/commands/AddCommand.js:79:14)
10 error     at Object.self.runCommand (/Users/j.ie/.config/yarn/global/node_modules/lerna/node_modules/yargs/lib/command.js:233:22)
10 error     at Object.Yargs.self._parseArgs (/Users/j.ie/.config/yarn/global/node_modules/lerna/node_modules/yargs/yargs.js:990:30)
10 error     at Object.Yargs.self.parse (/Users/j.ie/.config/yarn/global/node_modules/lerna/node_modules/yargs/yargs.js:532:23)
